Flow report for CPU_anemometre
Tue Nov 10 17:15:29 2020
Quartus II 32-bit Version 11.1 Build 259 01/25/2012 Service Pack 2 SJ Web Edition


---------------------
; Table of Contents ;
---------------------
  1. Legal Notice
  2. Flow Summary
  3. Flow Settings
  4. Flow Non-Default Global Settings
  5. Flow Elapsed Time
  6. Flow OS Summary
  7. Flow Log



----------------
; Legal Notice ;
----------------
Copyright (C) 1991-2011 Altera Corporation
Your use of Altera Corporation's design tools, logic functions 
and other software and tools, and its AMPP partner logic 
functions, and any output files from any of the foregoing 
(including device programming or simulation files), and any 
associated documentation or information are expressly subject 
to the terms and conditions of the Altera Program License 
Subscription Agreement, Altera MegaCore Function License 
Agreement, or other applicable license agreement, including, 
without limitation, that your use is for the sole purpose of 
programming logic devices manufactured by Altera and sold by 
Altera or its authorized distributors.  Please refer to the 
applicable agreement for further details.



+------------------------------------------------------------------------------------+
; Flow Summary                                                                       ;
+------------------------------------+-----------------------------------------------+
; Flow Status                        ; Successful - Tue Nov 10 17:15:21 2020         ;
; Quartus II 32-bit Version          ; 11.1 Build 259 01/25/2012 SP 2 SJ Web Edition ;
; Revision Name                      ; CPU_anemometre                                ;
; Top-level Entity Name              ; CPU_anemometre                                ;
; Family                             ; Cyclone IV E                                  ;
; Device                             ; EP4CE22F17C6                                  ;
; Timing Models                      ; Final                                         ;
; Total logic elements               ; 1,717 / 22,320 ( 8 % )                        ;
;     Total combinational functions  ; 1,570 / 22,320 ( 7 % )                        ;
;     Dedicated logic registers      ; 878 / 22,320 ( 4 % )                          ;
; Total registers                    ; 878                                           ;
; Total pins                         ; 10 / 154 ( 6 % )                              ;
; Total virtual pins                 ; 0                                             ;
; Total memory bits                  ; 171,264 / 608,256 ( 28 % )                    ;
; Embedded Multiplier 9-bit elements ; 0 / 132 ( 0 % )                               ;
; Total PLLs                         ; 0 / 4 ( 0 % )                                 ;
+------------------------------------+-----------------------------------------------+


+-----------------------------------------+
; Flow Settings                           ;
+-------------------+---------------------+
; Option            ; Setting             ;
+-------------------+---------------------+
; Start date & time ; 11/10/2020 17:14:13 ;
; Main task         ; Compilation         ;
; Revision Name     ; CPU_anemometre      ;
+-------------------+---------------------+


+-----------------------------------------------------------------------------------------------------------------+
; Flow Non-Default Global Settings                                                                                ;
+-------------------------------------+--------------------------------+---------------+-------------+------------+
; Assignment Name                     ; Value                          ; Default Value ; Entity Name ; Section Id ;
+-------------------------------------+--------------------------------+---------------+-------------+------------+
; COMPILER_SIGNATURE_ID               ; 66659621805650.160502485210388 ; --            ; --          ; --         ;
; IP_TOOL_ENV                         ; sopc                           ; --            ; unnamed     ; --         ;
; IP_TOOL_NAME                        ; sopc                           ; --            ; unnamed     ; --         ;
; IP_TOOL_VERSION                     ; 11.1sp2                        ; --            ; unnamed     ; --         ;
; MAX_CORE_JUNCTION_TEMP              ; 85                             ; --            ; --          ; --         ;
; MIN_CORE_JUNCTION_TEMP              ; 0                              ; --            ; --          ; --         ;
; PARTITION_COLOR                     ; 16764057                       ; --            ; --          ; Top        ;
; PARTITION_FITTER_PRESERVATION_LEVEL ; PLACEMENT_AND_ROUTING          ; --            ; --          ; Top        ;
; PARTITION_NETLIST_TYPE              ; SOURCE                         ; --            ; --          ; Top        ;
; SOPC_BUILDER_SIGNATURE_ID           ; 0090F5B51AFE00000175A8CBD376   ; --            ; --          ; --         ;
+-------------------------------------+--------------------------------+---------------+-------------+------------+


+-------------------------------------------------------------------------------------------------------------------------------+
; Flow Elapsed Time                                                                                                             ;
+---------------------------+--------------+-------------------------+---------------------+------------------------------------+
; Module Name               ; Elapsed Time ; Average Processors Used ; Peak Virtual Memory ; Total CPU Time (on all processors) ;
+---------------------------+--------------+-------------------------+---------------------+------------------------------------+
; Analysis & Synthesis      ; 00:00:29     ; 1.0                     ; 380 MB              ; 00:00:21                           ;
; Fitter                    ; 00:00:23     ; 1.0                     ; 460 MB              ; 00:00:21                           ;
; Assembler                 ; 00:00:09     ; 1.0                     ; 348 MB              ; 00:00:06                           ;
; TimeQuest Timing Analyzer ; 00:00:18     ; 1.0                     ; 358 MB              ; 00:00:12                           ;
; Total                     ; 00:01:19     ; --                      ; --                  ; 00:01:00                           ;
+---------------------------+--------------+-------------------------+---------------------+------------------------------------+


+----------------------------------------------------------------------------------------+
; Flow OS Summary                                                                        ;
+---------------------------+------------------+-----------+------------+----------------+
; Module Name               ; Machine Hostname ; OS Name   ; OS Version ; Processor type ;
+---------------------------+------------------+-----------+------------+----------------+
; Analysis & Synthesis      ; DESKTOP-0QV9UDN  ; Windows 7 ; 6.2        ; x86_64         ;
; Fitter                    ; DESKTOP-0QV9UDN  ; Windows 7 ; 6.2        ; x86_64         ;
; Assembler                 ; DESKTOP-0QV9UDN  ; Windows 7 ; 6.2        ; x86_64         ;
; TimeQuest Timing Analyzer ; DESKTOP-0QV9UDN  ; Windows 7 ; 6.2        ; x86_64         ;
+---------------------------+------------------+-----------+------------+----------------+


------------
; Flow Log ;
------------
quartus_map --read_settings_files=on --write_settings_files=off CPU_anemometre -c CPU_anemometre
quartus_fit --read_settings_files=off --write_settings_files=off CPU_anemometre -c CPU_anemometre
quartus_asm --read_settings_files=off --write_settings_files=off CPU_anemometre -c CPU_anemometre
quartus_sta CPU_anemometre -c CPU_anemometre



